<?xml version="1.0" encoding="UTF-8"?>
<!-- Generated by org.testng.reporters.JUnitReportReporter -->
<testsuite hostname="DESKTOP-PRQ128L" failures="0" tests="1" name="test.CarNbike.ProdTestSuite.PaymentPageTest" time="36.071" errors="0" timestamp="2020-10-22T16:08:14 IST" skipped="0">
  <testcase classname="test.CarNbike.ProdTestSuite.PaymentPageTest" name="code" time="36.071"/>
  <system-out/>
</testsuite> <!-- test.CarNbike.ProdTestSuite.PaymentPageTest -->
