<?xml version="1.0" encoding="UTF-8"?>
<!-- Generated by org.testng.reporters.JUnitReportReporter -->
<testsuite hostname="DESKTOP-PRQ128L" failures="0" tests="1" name="test.CarNbike.TestSuite.BudgetcarsBrokenLinks" time="260.038" errors="0" timestamp="2020-03-24T12:48:56 IST" skipped="0">
  <testcase classname="test.CarNbike.TestSuite.BudgetcarsBrokenLinks" name="code" time="260.038"/>
</testsuite> <!-- test.CarNbike.TestSuite.BudgetcarsBrokenLinks -->
