<?xml version="1.0" encoding="UTF-8"?>
<!-- Generated by org.testng.reporters.JUnitReportReporter -->
<testsuite hostname="DESKTOP-PRQ128L" failures="0" tests="1" name="test.CarNbike.TestSuite.Hatchbackbrokenlinks" time="0.000" errors="0" timestamp="2020-03-25T23:16:07 IST" skipped="1">
  <testcase classname="test.CarNbike.TestSuite.Hatchbackbrokenlinks" name="code" time="0.000">
    <skipped/>
  </testcase> <!-- code -->
</testsuite> <!-- test.CarNbike.TestSuite.Hatchbackbrokenlinks -->
