<?xml version="1.0" encoding="UTF-8"?>
<!-- Generated by org.testng.reporters.JUnitReportReporter -->
<testsuite hostname="DESKTOP-PRQ128L" failures="0" tests="10" name="test.CarNbike.TestSuite.HttpResponseCode" time="60.252" errors="0" timestamp="2021-01-21T15:12:00 IST" skipped="0">
  <testcase classname="test.CarNbike.TestSuite.HttpResponseCode" name="code" time="6.596"/>
  <system-out/>
  <testcase classname="test.CarNbike.TestSuite.HttpResponseCode" name="code" time="5.165"/>
  <system-out/>
  <testcase classname="test.CarNbike.TestSuite.HttpResponseCode" name="code" time="4.567"/>
  <system-out/>
  <testcase classname="test.CarNbike.TestSuite.HttpResponseCode" name="code" time="10.382"/>
  <system-out/>
  <testcase classname="test.CarNbike.TestSuite.HttpResponseCode" name="code" time="4.635"/>
  <system-out/>
  <testcase classname="test.CarNbike.TestSuite.HttpResponseCode" name="code" time="4.319"/>
  <system-out/>
  <testcase classname="test.CarNbike.TestSuite.HttpResponseCode" name="code" time="5.074"/>
  <system-out/>
  <testcase classname="test.CarNbike.TestSuite.HttpResponseCode" name="code" time="4.791"/>
  <system-out/>
  <testcase classname="test.CarNbike.TestSuite.HttpResponseCode" name="code" time="6.636"/>
  <system-out/>
  <testcase classname="test.CarNbike.TestSuite.HttpResponseCode" name="code" time="8.087"/>
  <system-out/>
</testsuite> <!-- test.CarNbike.TestSuite.HttpResponseCode -->
