<?xml version="1.0" encoding="UTF-8"?>
<!-- Generated by org.testng.reporters.JUnitReportReporter -->
<testsuite hostname="DESKTOP-PRQ128L" failures="0" tests="1" name="test.CarNbike.TestSuite.Test1" time="2.719" errors="0" timestamp="2020-04-06T14:38:10 IST" skipped="0">
  <testcase classname="test.CarNbike.TestSuite.Test1" name="code" time="2.719"/>
</testsuite> <!-- test.CarNbike.TestSuite.Test1 -->
