<?xml version="1.0" encoding="UTF-8"?>
<!-- Generated by org.testng.reporters.JUnitReportReporter -->
<testsuite hostname="DESKTOP-PRQ128L" failures="0" tests="1" name="test.CarNbike.TestSuite.Mahindracarsbrokenlinks" time="184.511" errors="0" timestamp="2020-03-24T13:13:19 IST" skipped="0">
  <testcase classname="test.CarNbike.TestSuite.Mahindracarsbrokenlinks" name="code" time="184.511"/>
</testsuite> <!-- test.CarNbike.TestSuite.Mahindracarsbrokenlinks -->
