<?xml version="1.0" encoding="UTF-8"?>
<!-- Generated by org.testng.reporters.JUnitReportReporter -->
<testsuite hostname="DESKTOP-PRQ128L" failures="0" tests="1" name="test.CarNbike.TestSuite.GetAllUrls" time="219.315" errors="0" timestamp="2020-03-24T17:41:01 IST" skipped="0">
  <testcase classname="test.CarNbike.TestSuite.GetAllUrls" name="code" time="219.315"/>
</testsuite> <!-- test.CarNbike.TestSuite.GetAllUrls -->
