<?xml version="1.0" encoding="UTF-8"?>
<!-- Generated by org.testng.reporters.JUnitReportReporter -->
<testsuite hostname="DESKTOP-PRQ128L" failures="0" tests="14" name="test.CarNbike.TestSuite.UrlTestBrokenlinks3" time="1838.031" errors="0" timestamp="2020-03-31T19:22:00 IST" skipped="0">
  <testcase classname="test.CarNbike.TestSuite.UrlTestBrokenlinks3" name="code" time="106.410"/>
  <testcase classname="test.CarNbike.TestSuite.UrlTestBrokenlinks3" name="code" time="96.539"/>
  <testcase classname="test.CarNbike.TestSuite.UrlTestBrokenlinks3" name="code" time="79.682"/>
  <testcase classname="test.CarNbike.TestSuite.UrlTestBrokenlinks3" name="code" time="50.132"/>
  <testcase classname="test.CarNbike.TestSuite.UrlTestBrokenlinks3" name="code" time="46.233"/>
  <testcase classname="test.CarNbike.TestSuite.UrlTestBrokenlinks3" name="code" time="34.409"/>
  <testcase classname="test.CarNbike.TestSuite.UrlTestBrokenlinks3" name="code" time="83.226"/>
  <testcase classname="test.CarNbike.TestSuite.UrlTestBrokenlinks3" name="code" time="416.003"/>
  <testcase classname="test.CarNbike.TestSuite.UrlTestBrokenlinks3" name="code" time="137.478"/>
  <testcase classname="test.CarNbike.TestSuite.UrlTestBrokenlinks3" name="code" time="113.646"/>
  <testcase classname="test.CarNbike.TestSuite.UrlTestBrokenlinks3" name="code" time="55.589"/>
  <testcase classname="test.CarNbike.TestSuite.UrlTestBrokenlinks3" name="code" time="374.952"/>
  <testcase classname="test.CarNbike.TestSuite.UrlTestBrokenlinks3" name="code" time="113.057"/>
  <testcase classname="test.CarNbike.TestSuite.UrlTestBrokenlinks3" name="code" time="130.675"/>
</testsuite> <!-- test.CarNbike.TestSuite.UrlTestBrokenlinks3 -->
