<?xml version="1.0" encoding="UTF-8"?>
<!-- Generated by org.testng.reporters.JUnitReportReporter -->
<testsuite hostname="DESKTOP-PRQ128L" failures="0" tests="1" name="test.CarNbike.TestSuite.brokenLinks1" time="146.625" errors="0" timestamp="2020-03-23T18:15:19 IST" skipped="0">
  <testcase classname="test.CarNbike.TestSuite.brokenLinks1" name="code" time="146.625"/>
</testsuite> <!-- test.CarNbike.TestSuite.brokenLinks1 -->
