<?xml version="1.0" encoding="UTF-8"?>
<!-- Generated by org.testng.reporters.JUnitReportReporter -->
<testsuite hostname="DESKTOP-PRQ128L" failures="0" tests="4" name="test.CarNbike.TestSuite.UrlTestBrokenlinks6" time="330.109" errors="0" timestamp="2020-03-31T19:22:00 IST" skipped="0">
  <testcase classname="test.CarNbike.TestSuite.UrlTestBrokenlinks6" name="code" time="92.363"/>
  <testcase classname="test.CarNbike.TestSuite.UrlTestBrokenlinks6" name="code" time="101.032"/>
  <testcase classname="test.CarNbike.TestSuite.UrlTestBrokenlinks6" name="code" time="63.732"/>
  <testcase classname="test.CarNbike.TestSuite.UrlTestBrokenlinks6" name="code" time="72.982"/>
</testsuite> <!-- test.CarNbike.TestSuite.UrlTestBrokenlinks6 -->
