<?xml version="1.0" encoding="UTF-8"?>
<!-- Generated by org.testng.reporters.JUnitReportReporter -->
<testsuite hostname="DESKTOP-PRQ128L" failures="0" tests="14" name="test.CarNbike.TestSuite.UrlTestBrokenlinks4" time="1100.521" errors="0" timestamp="2020-03-31T19:22:00 IST" skipped="0">
  <testcase classname="test.CarNbike.TestSuite.UrlTestBrokenlinks4" name="code" time="88.239"/>
  <testcase classname="test.CarNbike.TestSuite.UrlTestBrokenlinks4" name="code" time="150.574"/>
  <testcase classname="test.CarNbike.TestSuite.UrlTestBrokenlinks4" name="code" time="74.943"/>
  <testcase classname="test.CarNbike.TestSuite.UrlTestBrokenlinks4" name="code" time="56.907"/>
  <testcase classname="test.CarNbike.TestSuite.UrlTestBrokenlinks4" name="code" time="91.546"/>
  <testcase classname="test.CarNbike.TestSuite.UrlTestBrokenlinks4" name="code" time="56.080"/>
  <testcase classname="test.CarNbike.TestSuite.UrlTestBrokenlinks4" name="code" time="62.273"/>
  <testcase classname="test.CarNbike.TestSuite.UrlTestBrokenlinks4" name="code" time="39.597"/>
  <testcase classname="test.CarNbike.TestSuite.UrlTestBrokenlinks4" name="code" time="77.805"/>
  <testcase classname="test.CarNbike.TestSuite.UrlTestBrokenlinks4" name="code" time="106.540"/>
  <testcase classname="test.CarNbike.TestSuite.UrlTestBrokenlinks4" name="code" time="67.510"/>
  <testcase classname="test.CarNbike.TestSuite.UrlTestBrokenlinks4" name="code" time="54.059"/>
  <testcase classname="test.CarNbike.TestSuite.UrlTestBrokenlinks4" name="code" time="81.126"/>
  <testcase classname="test.CarNbike.TestSuite.UrlTestBrokenlinks4" name="code" time="93.322"/>
</testsuite> <!-- test.CarNbike.TestSuite.UrlTestBrokenlinks4 -->
