<?xml version="1.0" encoding="UTF-8"?>
<!-- Generated by org.testng.reporters.JUnitReportReporter -->
<testsuite hostname="DESKTOP-PRQ128L" failures="0" tests="1" name="test.CarNbike.ProdTestSuite.BrokenLinkTest" time="0.000" errors="0" timestamp="2020-10-27T14:56:03 IST" skipped="1">
  <testcase classname="test.CarNbike.ProdTestSuite.BrokenLinkTest" name="code" time="0.000">
    <skipped/>
  </testcase> <!-- code -->
  <system-out/>
</testsuite> <!-- test.CarNbike.ProdTestSuite.BrokenLinkTest -->
