<?xml version="1.0" encoding="UTF-8"?>
<!-- Generated by org.testng.reporters.JUnitReportReporter -->
<testsuite hostname="DESKTOP-PRQ128L" failures="0" tests="1" name="test.CarNbike.TestSuite.BrokenLinks" time="19.389" errors="0" timestamp="2020-03-23T16:24:18 IST" skipped="0">
  <testcase classname="test.CarNbike.TestSuite.BrokenLinks" name="code" time="19.389"/>
</testsuite> <!-- test.CarNbike.TestSuite.BrokenLinks -->
