<?xml version="1.0" encoding="UTF-8"?>
<!-- Generated by org.testng.reporters.JUnitReportReporter -->
<testsuite hostname="DESKTOP-PRQ128L" failures="0" tests="1" name="test.CarNbike.TestSuite.TestExcel" time="0.000" errors="0" timestamp="2020-04-07T18:31:22 IST" skipped="1">
  <testcase classname="test.CarNbike.TestSuite.TestExcel" name="read" time="0.000">
    <skipped/>
  </testcase> <!-- read -->
</testsuite> <!-- test.CarNbike.TestSuite.TestExcel -->
