<?xml version="1.0" encoding="UTF-8"?>
<!-- Generated by org.testng.reporters.JUnitReportReporter -->
<testsuite hostname="DESKTOP-PRQ128L" failures="0" tests="1" name="test.CarNbike.TestSuite.Test2" time="7.710" errors="0" timestamp="2020-03-22T15:38:11 IST" skipped="0">
  <testcase classname="test.CarNbike.TestSuite.Test2" name="code" time="7.710"/>
</testsuite> <!-- test.CarNbike.TestSuite.Test2 -->
