<?xml version="1.0" encoding="UTF-8"?>
<!-- Generated by org.testng.reporters.JUnitReportReporter -->
<testsuite hostname="DESKTOP-PRQ128L" failures="0" tests="1" name="test.CarNbike.TestSuite.AllSedancarsBrokenlinks" time="0.054" errors="0" timestamp="2020-03-24T17:03:56 IST" skipped="0">
  <testcase classname="test.CarNbike.TestSuite.AllSedancarsBrokenlinks" name="code" time="0.054"/>
</testsuite> <!-- test.CarNbike.TestSuite.AllSedancarsBrokenlinks -->
