<?xml version="1.0" encoding="UTF-8"?>
<!-- Generated by org.testng.reporters.JUnitReportReporter -->
<testsuite hostname="DESKTOP-PRQ128L" failures="0" tests="1" name="test.CarNbike.ProdTestSuite.PaymentPageTest" time="27.799" errors="0" timestamp="2021-01-19T19:22:42 IST" skipped="0">
  <testcase classname="test.CarNbike.ProdTestSuite.PaymentPageTest" name="code" time="27.799"/>
  <system-out/>
</testsuite> <!-- test.CarNbike.ProdTestSuite.PaymentPageTest -->
